<?xml version="1.0" encoding="UTF-8"?>
<!-- Generated by org.testng.reporters.JUnitXMLReporter -->
<testsuite ignored="8" hostname="DESKTOP-LF0B41U" failures="1" tests="6" name="Test" time="250.001" errors="0" timestamp="2022-07-27T13:25:45 IST">
  <testcase classname="vtiger_tc.TC_101_Create_Org_Test" name="orgTestCase1" time="0.718">
    <skipped/>
  </testcase> <!-- orgTestCase1 -->
  <testcase classname="vtiger_tc.TC_101_Create_Org_Test" name="orgTestCase1" time="0.196">
    <failure type="java.lang.AssertionError" message="expected [false] but found [true]">
      <![CDATA[java.lang.AssertionError: expected [false] but found [true]
at vtiger_tc.TC_101_Create_Org_Test.orgTestCase1(TC_101_Create_Org_Test.java:27)
at java.base/java.util.ArrayList.forEach(ArrayList.java:1511)
... Removed 33 stack frames]]>
    </failure>
  </testcase> <!-- orgTestCase1 -->
  <testcase classname="vtiger_tc.TC_102_Create_Org_DelTest" name="createOrg" time="49.463"/>
  <testcase classname="vtiger_tc.TC_103_Creat_Camp_Del_CampTest" name="createCampTest" time="26.385"/>
  <testcase classname="vtiger_tc.TC_104_Create_Cont_Del_OrgTest" name="createCont" time="18.239"/>
  <testcase classname="vtiger_tc.TC_105_Create_Org_DDTest" name="verifyIndustry" time="19.648"/>
  <testcase classname="com.genericlib.BaseClass" name="@BeforeSuite connectDB" time="0.0">
    <ignored/>
  </testcase> <!-- @BeforeSuite connectDB -->
  <testcase classname="com.genericlib.BaseClass" name="@AfterSuite closeDB" time="0.0">
    <ignored/>
  </testcase> <!-- @AfterSuite closeDB -->
  <testcase classname="com.genericlib.BaseClass" name="@BeforeSuite connectDB" time="0.0">
    <ignored/>
  </testcase> <!-- @BeforeSuite connectDB -->
  <testcase classname="com.genericlib.BaseClass" name="@AfterSuite closeDB" time="0.0">
    <ignored/>
  </testcase> <!-- @AfterSuite closeDB -->
  <testcase classname="com.genericlib.BaseClass" name="@BeforeSuite connectDB" time="0.0">
    <ignored/>
  </testcase> <!-- @BeforeSuite connectDB -->
  <testcase classname="com.genericlib.BaseClass" name="@AfterSuite closeDB" time="0.0">
    <ignored/>
  </testcase> <!-- @AfterSuite closeDB -->
  <testcase classname="com.genericlib.BaseClass" name="@AfterSuite closeDB" time="0.0">
    <ignored/>
  </testcase> <!-- @AfterSuite closeDB -->
  <testcase classname="com.genericlib.BaseClass" name="@BeforeSuite connectDB" time="0.0">
    <ignored/>
  </testcase> <!-- @BeforeSuite connectDB -->
</testsuite> <!-- Test -->
