<?xml version="1.0" encoding="UTF-8"?>
<testng-results ignored="0" total="1" passed="1" failed="0" skipped="0">
  <reporter-output>
  </reporter-output>
  <suite started-at="2022-07-22T16:03:59 IST" name="Default suite" finished-at="2022-07-22T16:04:55 IST" duration-ms="56534">
    <groups>
    </groups>
    <test started-at="2022-07-22T16:03:59 IST" name="Default test" finished-at="2022-07-22T16:04:55 IST" duration-ms="56534">
      <class name="vtiger_tc.TC_102_Create_Org_DelTest">
        <test-method is-config="true" signature="connectDB()[pri:0, instance:vtiger_tc.TC_102_Create_Org_DelTest@26d9b808]" started-at="2022-07-22T16:03:58 IST" name="connectDB" finished-at="2022-07-22T16:03:59 IST" duration-ms="11" status="PASS">
          <reporter-output>
          </reporter-output>
        </test-method> <!-- connectDB -->
        <test-method is-config="true" signature="lounchBrowser()[pri:0, instance:vtiger_tc.TC_102_Create_Org_DelTest@26d9b808]" started-at="2022-07-22T16:03:59 IST" name="lounchBrowser" finished-at="2022-07-22T16:04:09 IST" duration-ms="10202" status="PASS">
          <reporter-output>
          </reporter-output>
        </test-method> <!-- lounchBrowser -->
        <test-method is-config="true" signature="login()[pri:0, instance:vtiger_tc.TC_102_Create_Org_DelTest@26d9b808]" started-at="2022-07-22T16:04:09 IST" name="login" finished-at="2022-07-22T16:04:12 IST" duration-ms="2814" status="PASS">
          <reporter-output>
          </reporter-output>
        </test-method> <!-- login -->
        <test-method signature="createOrg()[pri:0, instance:vtiger_tc.TC_102_Create_Org_DelTest@26d9b808]" started-at="2022-07-22T16:04:12 IST" name="createOrg" finished-at="2022-07-22T16:04:49 IST" duration-ms="37313" status="PASS">
          <reporter-output>
          </reporter-output>
        </test-method> <!-- createOrg -->
        <test-method is-config="true" signature="logout()[pri:0, instance:vtiger_tc.TC_102_Create_Org_DelTest@26d9b808]" started-at="2022-07-22T16:04:49 IST" name="logout" finished-at="2022-07-22T16:04:55 IST" duration-ms="6086" status="PASS">
          <reporter-output>
          </reporter-output>
        </test-method> <!-- logout -->
        <test-method is-config="true" signature="closeBrowser()[pri:0, instance:vtiger_tc.TC_102_Create_Org_DelTest@26d9b808]" started-at="2022-07-22T16:04:55 IST" name="closeBrowser" finished-at="2022-07-22T16:04:55 IST" duration-ms="79" status="PASS">
          <reporter-output>
          </reporter-output>
        </test-method> <!-- closeBrowser -->
        <test-method is-config="true" signature="closeDB()[pri:0, instance:vtiger_tc.TC_102_Create_Org_DelTest@26d9b808]" started-at="2022-07-22T16:04:55 IST" name="closeDB" finished-at="2022-07-22T16:04:55 IST" duration-ms="0" status="PASS">
          <reporter-output>
          </reporter-output>
        </test-method> <!-- closeDB -->
      </class> <!-- vtiger_tc.TC_102_Create_Org_DelTest -->
    </test> <!-- Default test -->
  </suite> <!-- Default suite -->
</testng-results>
